# JRE version: Java(TM) SE Runtime Environment (7.0_45-b18) (build 1.7.0_45-b18)
# Java VM: Java HotSpot(TM) 64-Bit Server VM (24.45-b08 mixed mode bsd-amd64 compressed oops)
Heap
 PSYoungGen      total 50688K, used 37380K [0x0000000128680000, 0x000000012bc00000, 0x0000000133180000)
  eden space 49664K, 75% used [0x0000000128680000,0x000000012aae1230,0x000000012b700000)
  from space 1024K, 12% used [0x000000012bb00000,0x000000012bb20000,0x000000012bc00000)
  to   space 2560K, 0% used [0x000000012b700000,0x000000012b700000,0x000000012b980000)
 ParOldGen       total 174592K, used 15607K [0x0000000113180000, 0x000000011dc00000, 0x0000000128680000)
  object space 174592K, 8% used [0x0000000113180000,0x00000001140bdcf8,0x000000011dc00000)
 PSPermGen       total 26112K, used 25906K [0x000000010df80000, 0x000000010f900000, 0x0000000113180000)
  object space 26112K, 99% used [0x000000010df80000,0x000000010f8ccaf8,0x000000010f900000)
GC Heap History (10 events):
Event: 106431.718 GC heap before
{Heap before GC invocations=42 (full 0):
 PSYoungGen      total 55296K, used 54816K [0x0000000128680000, 0x000000012c300000, 0x0000000133180000)
  eden space 54784K, 100% used [0x0000000128680000,0x000000012bc00000,0x000000012bc00000)
  from space 512K, 6% used [0x000000012bd00000,0x000000012bd08000,0x000000012bd80000)
  to   space 3584K, 0% used [0x000000012bf80000,0x000000012bf80000,0x000000012c300000)
 ParOldGen       total 174592K, used 15599K [0x0000000113180000, 0x000000011dc00000, 0x0000000128680000)
  object space 174592K, 8% used [0x0000000113180000,0x00000001140bbcf8,0x000000011dc00000)
 PSPermGen       total 26112K, used 25898K [0x000000010df80000, 0x000000010f900000, 0x0000000113180000)
  object space 26112K, 99% used [0x000000010df80000,0x000000010f8caa50,0x000000010f900000)
Event: 106431.719 GC heap after
Heap after GC invocations=42 (full 0):
 PSYoungGen      total 55296K, used 64K [0x0000000128680000, 0x000000012c100000, 0x0000000133180000)
  eden space 53760K, 0% used [0x0000000128680000,0x0000000128680000,0x000000012bb00000)
  from space 1536K, 4% used [0x000000012bf80000,0x000000012bf90000,0x000000012c100000)
  to   space 3072K, 0% used [0x000000012bb00000,0x000000012bb00000,0x000000012be00000)
 ParOldGen       total 174592K, used 15599K [0x0000000113180000, 0x000000011dc00000, 0x0000000128680000)
  object space 174592K, 8% used [0x0000000113180000,0x00000001140bbcf8,0x000000011dc00000)
 PSPermGen       total 26112K, used 25898K [0x000000010df80000, 0x000000010f900000, 0x0000000113180000)
  object space 26112K, 99% used [0x000000010df80000,0x000000010f8caa50,0x000000010f900000)
}
Event: 113539.297 GC heap before
{Heap before GC invocations=43 (full 0):
 PSYoungGen      total 55296K, used 53824K [0x0000000128680000, 0x000000012c100000, 0x0000000133180000)
  eden space 53760K, 100% used [0x0000000128680000,0x000000012bb00000,0x000000012bb00000)
  from space 1536K, 4% used [0x000000012bf80000,0x000000012bf90000,0x000000012c100000)
  to   space 3072K, 0% used [0x000000012bb00000,0x000000012bb00000,0x000000012be00000)
 ParOldGen       total 174592K, used 15599K [0x0000000113180000, 0x000000011dc00000, 0x0000000128680000)
  object space 174592K, 8% used [0x0000000113180000,0x00000001140bbcf8,0x000000011dc00000)
 PSPermGen       total 26112K, used 25902K [0x000000010df80000, 0x000000010f900000, 0x0000000113180000)
  object space 26112K, 99% used [0x000000010df80000,0x000000010f8cb9b8,0x000000010f900000)
Event: 113539.299 GC heap after
Heap after GC invocations=43 (full 0):
 PSYoungGen      total 53248K, used 64K [0x0000000128680000, 0x000000012c000000, 0x0000000133180000)
  eden space 52736K, 0% used [0x0000000128680000,0x0000000128680000,0x000000012ba00000)
  from space 512K, 12% used [0x000000012bb00000,0x000000012bb10000,0x000000012bb80000)
  to   space 3072K, 0% used [0x000000012bd00000,0x000000012bd00000,0x000000012c000000)
 ParOldGen       total 174592K, used 15599K [0x0000000113180000, 0x000000011dc00000, 0x0000000128680000)
  object space 174592K, 8% used [0x0000000113180000,0x00000001140bbcf8,0x000000011dc00000)
 PSPermGen       total 26112K, used 25902K [0x000000010df80000, 0x000000010f900000, 0x0000000113180000)
  object space 26112K, 99% used [0x000000010df80000,0x000000010f8cb9b8,0x000000010f900000)
}
Event: 117679.653 GC heap before
{Heap before GC invocations=44 (full 0):
 PSYoungGen      total 53248K, used 52800K [0x0000000128680000, 0x000000012c000000, 0x0000000133180000)
  eden space 52736K, 100% used [0x0000000128680000,0x000000012ba00000,0x000000012ba00000)
  from space 512K, 12% used [0x000000012bb00000,0x000000012bb10000,0x000000012bb80000)
  to   space 3072K, 0% used [0x000000012bd00000,0x000000012bd00000,0x000000012c000000)
 ParOldGen       total 174592K, used 15599K [0x0000000113180000, 0x000000011dc00000, 0x0000000128680000)
  object space 174592K, 8% used [0x0000000113180000,0x00000001140bbcf8,0x000000011dc00000)
 PSPermGen       total 26112K, used 25902K [0x000000010df80000, 0x000000010f900000, 0x0000000113180000)
  object space 26112K, 99% used [0x000000010df80000,0x000000010f8cb9d8,0x000000010f900000)
Event: 117679.657 GC heap after
Heap after GC invocations=44 (full 0):
 PSYoungGen      total 53760K, used 64K [0x0000000128680000, 0x000000012bf00000, 0x0000000133180000)
  eden space 51712K, 0% used [0x0000000128680000,0x0000000128680000,0x000000012b900000)
  from space 2048K, 3% used [0x000000012bd00000,0x000000012bd10000,0x000000012bf00000)
  to   space 3072K, 0% used [0x000000012b900000,0x000000012b900000,0x000000012bc00000)
 ParOldGen       total 174592K, used 15607K [0x0000000113180000, 0x000000011dc00000, 0x0000000128680000)
  object space 174592K, 8% used [0x0000000113180000,0x00000001140bdcf8,0x000000011dc00000)
 PSPermGen       total 26112K, used 25902K [0x000000010df80000, 0x000000010f900000, 0x0000000113180000)
  object space 26112K, 99% used [0x000000010df80000,0x000000010f8cb9d8,0x000000010f900000)
}
Event: 147830.371 GC heap before
{Heap before GC invocations=45 (full 0):
 PSYoungGen      total 53760K, used 51776K [0x0000000128680000, 0x000000012bf00000, 0x0000000133180000)
  eden space 51712K, 100% used [0x0000000128680000,0x000000012b900000,0x000000012b900000)
  from space 2048K, 3% used [0x000000012bd00000,0x000000012bd10000,0x000000012bf00000)
  to   space 3072K, 0% used [0x000000012b900000,0x000000012b900000,0x000000012bc00000)
 ParOldGen       total 174592K, used 15607K [0x0000000113180000, 0x000000011dc00000, 0x0000000128680000)
  object space 174592K, 8% used [0x0000000113180000,0x00000001140bdcf8,0x000000011dc00000)
 PSPermGen       total 26112K, used 25902K [0x000000010df80000, 0x000000010f900000, 0x0000000113180000)
  object space 26112K, 99% used [0x000000010df80000,0x000000010f8cbab8,0x000000010f900000)
Event: 147830.372 GC heap after
Heap after GC invocations=45 (full 0):
 PSYoungGen      total 51200K, used 96K [0x0000000128680000, 0x000000012bd80000, 0x0000000133180000)
  eden space 50688K, 0% used [0x0000000128680000,0x0000000128680000,0x000000012b800000)
  from space 512K, 18% used [0x000000012b900000,0x000000012b918000,0x000000012b980000)
  to   space 2560K, 0% used [0x000000012bb00000,0x000000012bb00000,0x000000012bd80000)
 ParOldGen       total 174592K, used 15607K [0x0000000113180000, 0x000000011dc00000, 0x0000000128680000)
  object space 174592K, 8% used [0x0000000113180000,0x00000001140bdcf8,0x000000011dc00000)
 PSPermGen       total 26112K, used 25902K [0x000000010df80000, 0x000000010f900000, 0x0000000113180000)
  object space 26112K, 99% used [0x000000010df80000,0x000000010f8cbab8,0x000000010f900000)
}
Event: 152742.708 GC heap before
{Heap before GC invocations=46 (full 0):
 PSYoungGen      total 51200K, used 50784K [0x0000000128680000, 0x000000012bd80000, 0x0000000133180000)
  eden space 50688K, 100% used [0x0000000128680000,0x000000012b800000,0x000000012b800000)
  from space 512K, 18% used [0x000000012b900000,0x000000012b918000,0x000000012b980000)
  to   space 2560K, 0% used [0x000000012bb00000,0x000000012bb00000,0x000000012bd80000)
 ParOldGen       total 174592K, used 15607K [0x0000000113180000, 0x000000011dc00000, 0x0000000128680000)
  object space 174592K, 8% used [0x0000000113180000,0x00000001140bdcf8,0x000000011dc00000)
 PSPermGen       total 26112K, used 25902K [0x000000010df80000, 0x000000010f900000, 0x0000000113180000)
  object space 26112K, 99% used [0x000000010df80000,0x000000010f8cbad8,0x000000010f900000)
Event: 152742.710 GC heap after
Heap after GC invocations=46 (full 0):
 PSYoungGen      total 50688K, used 128K [0x0000000128680000, 0x000000012bc00000, 0x0000000133180000)
  eden space 49664K, 0% used [0x0000000128680000,0x0000000128680000,0x000000012b700000)
  from space 1024K, 12% used [0x000000012bb00000,0x000000012bb20000,0x000000012bc00000)
  to   space 2560K, 0% used [0x000000012b700000,0x000000012b700000,0x000000012b980000)
 ParOldGen       total 174592K, used 15607K [0x0000000113180000, 0x000000011dc00000, 0x0000000128680000)
  object space 174592K, 8% used [0x0000000113180000,0x00000001140bdcf8,0x000000011dc00000)
 PSPermGen       total 26112K, used 25902K [0x000000010df80000, 0x000000010f900000, 0x0000000113180000)
  object space 26112K, 99% used [0x000000010df80000,0x000000010f8cbad8,0x000000010f900000)
}

